Using pre-set license
Built from '2021.3/staging' branch; Version is '2021.3.21f1 (1b156197d683) revision 1774945'; Using compiler version '192829333'; Build Type 'Release'
OS: 'Windows 10  (10.0.19045) 64bit Core' Language: 'en' Physical Memory: 12055 MB
BatchMode: 1, IsHumanControllingUs: 0, StartBugReporterOnCrash: 0, Is64bit: 1, IsPro: 1

COMMAND LINE ARGUMENTS:
C:\Program Files\Unity\Hub\Editor\2021.3.21f1\Editor\Unity.exe
-adb2
-batchMode
-noUpm
-name
AssetImportWorker2
-projectPath
C:/Users/ultra/OneDrive/Documents/GitHub/global-citizen/GITA 4 game
-logFile
Logs/AssetImportWorker2.log
-srvPort
63801
Successfully changed project path to: C:/Users/ultra/OneDrive/Documents/GitHub/global-citizen/GITA 4 game
C:/Users/ultra/OneDrive/Documents/GitHub/global-citizen/GITA 4 game
[UnityMemory] Configuration Parameters - Can be set up in boot.config
    "memorysetup-bucket-allocator-granularity=16"
    "memorysetup-bucket-allocator-bucket-count=8"
    "memorysetup-bucket-allocator-block-size=33554432"
    "memorysetup-bucket-allocator-block-count=8"
    "memorysetup-main-allocator-block-size=16777216"
    "memorysetup-thread-allocator-block-size=16777216"
    "memorysetup-gfx-main-allocator-block-size=16777216"
    "memorysetup-gfx-thread-allocator-block-size=16777216"
    "memorysetup-cache-allocator-block-size=4194304"
    "memorysetup-typetree-allocator-block-size=2097152"
    "memorysetup-profiler-bucket-allocator-granularity=16"
    "memorysetup-profiler-bucket-allocator-bucket-count=8"
    "memorysetup-profiler-bucket-allocator-block-size=33554432"
    "memorysetup-profiler-bucket-allocator-block-count=8"
    "memorysetup-profiler-allocator-block-size=16777216"
    "memorysetup-profiler-editor-allocator-block-size=1048576"
    "memorysetup-temp-allocator-size-main=16777216"
    "memorysetup-job-temp-allocator-block-size=2097152"
    "memorysetup-job-temp-allocator-block-size-background=1048576"
    "memorysetup-job-temp-allocator-reduction-small-platforms=262144"
    "memorysetup-temp-allocator-size-background-worker=32768"
    "memorysetup-temp-allocator-size-job-worker=262144"
    "memorysetup-temp-allocator-size-preload-manager=33554432"
    "memorysetup-temp-allocator-size-nav-mesh-worker=65536"
    "memorysetup-temp-allocator-size-audio-worker=65536"
    "memorysetup-temp-allocator-size-cloud-worker=32768"
    "memorysetup-temp-allocator-size-gi-baking-worker=262144"
    "memorysetup-temp-allocator-size-gfx=262144"
Player connection [3416] Host "[IP] 169.254.19.15 [Port] 0 [Flags] 2 [Guid] 1168087944 [EditorId] 1168087944 [Version] 1048832 [Id] WindowsEditor(7,DESKTOP-IOL99MK) [Debug] 1 [PackageName] WindowsEditor [ProjectName] Editor" joined multi-casting on [225.0.0.222:54997]...

Player connection [3416] Host "[IP] 169.254.19.15 [Port] 0 [Flags] 2 [Guid] 1168087944 [EditorId] 1168087944 [Version] 1048832 [Id] WindowsEditor(7,DESKTOP-IOL99MK) [Debug] 1 [PackageName] WindowsEditor [ProjectName] Editor" joined alternative multi-casting on [225.0.0.222:34997]...

Refreshing native plugins compatible for Editor in 215.18 ms, found 3 plugins.
Preloading 0 native plugins for Editor in 0.00 ms.
Initialize engine version: 2021.3.21f1 (1b156197d683)
[Subsystems] Discovering subsystems at path C:/Program Files/Unity/Hub/Editor/2021.3.21f1/Editor/Data/Resources/UnitySubsystems
[Subsystems] Discovering subsystems at path C:/Users/ultra/OneDrive/Documents/GitHub/global-citizen/GITA 4 game/Assets
GfxDevice: creating device client; threaded=0; jobified=0
Direct3D:
    Version:  Direct3D 11.0 [level 11.1]
    Renderer: Intel(R) UHD Graphics (ID=0x8a56)
    Vendor:   Intel
    VRAM:     6027 MB
    Driver:   27.20.100.9365
Initialize mono
Mono path[0] = 'C:/Program Files/Unity/Hub/Editor/2021.3.21f1/Editor/Data/Managed'
Mono path[1] = 'C:/Program Files/Unity/Hub/Editor/2021.3.21f1/Editor/Data/MonoBleedingEdge/lib/mono/unityjit-win32'
Mono config path = 'C:/Program Files/Unity/Hub/Editor/2021.3.21f1/Editor/Data/MonoBleedingEdge/etc'
Using monoOptions --debugger-agent=transport=dt_socket,embedding=1,server=y,suspend=n,address=127.0.0.1:56688
Begin MonoManager ReloadAssembly
Registering precompiled unity dll's ...
Register platform support module: C:/Program Files/Unity/Hub/Editor/2021.3.21f1/Editor/Data/PlaybackEngines/WindowsStandaloneSupport/UnityEditor.WindowsStandalone.Extensions.dll
Registered in 0.019576 seconds.
Native extension for WindowsStandalone target not found
Refreshing native plugins compatible for Editor in 238.66 ms, found 3 plugins.
Preloading 0 native plugins for Editor in 0.00 ms.
Mono: successfully reloaded assembly
- Completed reload, in  1.657 seconds
Domain Reload Profiling:
	ReloadAssembly (1658ms)
		BeginReloadAssembly (216ms)
			ExecutionOrderSort (0ms)
			DisableScriptedObjects (0ms)
			BackupInstance (0ms)
			ReleaseScriptingObjects (0ms)
			CreateAndSetChildDomain (1ms)
		EndReloadAssembly (1213ms)
			LoadAssemblies (212ms)
			RebuildTransferFunctionScriptingTraits (0ms)
			SetupTypeCache (301ms)
			ReleaseScriptCaches (0ms)
			RebuildScriptCaches (39ms)
			SetupLoadedEditorAssemblies (688ms)
				LogAssemblyErrors (0ms)
				InitializePlatformSupportModulesInManaged (18ms)
				SetLoadedEditorAssemblies (0ms)
				RefreshPlugins (239ms)
				BeforeProcessingInitializeOnLoad (1ms)
				ProcessInitializeOnLoadAttributes (291ms)
				ProcessInitializeOnLoadMethodAttributes (137ms)
				AfterProcessingInitializeOnLoad (0ms)
				EditorAssembliesLoaded (0ms)
			ExecutionOrderSort2 (0ms)
			AwakeInstancesAfterBackupRestoration (0ms)
Platform modules already initialized, skipping
Registering precompiled user dll's ...
Registered in 0.010580 seconds.
Begin MonoManager ReloadAssembly
Symbol file LoadedFromMemory doesn't match image C:\Users\ultra\OneDrive\Documents\GitHub\global-citizen\GITA 4 game\Library\PackageCache\com.unity.visualscripting@1.8.0\Editor\VisualScripting.Core\Dependencies\YamlDotNet\Unity.VisualScripting.YamlDotNet.dll
Symbol file LoadedFromMemory doesn't match image C:\Users\ultra\OneDrive\Documents\GitHub\global-citizen\GITA 4 game\Library\PackageCache\com.unity.visualscripting@1.8.0\Editor\VisualScripting.Core\Dependencies\DotNetZip\Unity.VisualScripting.IonicZip.dll
Native extension for WindowsStandalone target not found
Refreshing native plugins compatible for Editor in 194.13 ms, found 3 plugins.
Preloading 0 native plugins for Editor in 0.00 ms.
Mono: successfully reloaded assembly
- Completed reload, in  2.469 seconds
Domain Reload Profiling:
	ReloadAssembly (2470ms)
		BeginReloadAssembly (214ms)
			ExecutionOrderSort (0ms)
			DisableScriptedObjects (10ms)
			BackupInstance (0ms)
			ReleaseScriptingObjects (0ms)
			CreateAndSetChildDomain (32ms)
		EndReloadAssembly (1976ms)
			LoadAssemblies (148ms)
			RebuildTransferFunctionScriptingTraits (0ms)
			SetupTypeCache (644ms)
			ReleaseScriptCaches (2ms)
			RebuildScriptCaches (129ms)
			SetupLoadedEditorAssemblies (971ms)
				LogAssemblyErrors (0ms)
				InitializePlatformSupportModulesInManaged (11ms)
				SetLoadedEditorAssemblies (0ms)
				RefreshPlugins (194ms)
				BeforeProcessingInitializeOnLoad (154ms)
				ProcessInitializeOnLoadAttributes (576ms)
				ProcessInitializeOnLoadMethodAttributes (19ms)
				AfterProcessingInitializeOnLoad (16ms)
				EditorAssembliesLoaded (0ms)
			ExecutionOrderSort2 (0ms)
			AwakeInstancesAfterBackupRestoration (12ms)
Platform modules already initialized, skipping
========================================================================
Worker process is ready to serve import requests
Launched and connected shader compiler UnityShaderCompiler.exe after 0.09 seconds
Refreshing native plugins compatible for Editor in 1.73 ms, found 3 plugins.
Preloading 0 native plugins for Editor in 0.00 ms.
Unloading 3583 Unused Serialized files (Serialized files now loaded: 0)
Unloading 39 unused Assets / (1.3 MB). Loaded Objects now: 4051.
Memory consumption went from 221.8 MB to 220.5 MB.
Total: 6.672100 ms (FindLiveObjects: 0.461600 ms CreateObjectMapping: 0.372500 ms MarkObjects: 4.874700 ms  DeleteObjects: 0.961900 ms)

AssetImportParameters requested are different than current active one (requested -> active):
  custom:video-decoder-ogg-theora: a1e56fd34408186e4bbccfd4996cb3dc -> 
  custom:container-muxer-webm: aa71ff27fc2769a1b78a27578f13a17b -> 
  custom:container-demuxer-webm: 4f35f7cbe854078d1ac9338744f61a02 -> 
  custom:video-encoder-webm-vp8: eb34c28f22e8b96e1ab97ce403110664 -> 
  custom:video-codec-MediaFoundation-h265: 746d11721c4dcdbdad8f713fa42b33f4 -> 
  custom:audio-encoder-webm-vorbis: bf7c407c2cedff20999df2af8eb42d56 -> 
  custom:framework-win-MediaFoundation: 216162199b28c13a410421893ffa2e32 -> 
  custom:container-demuxer-ogg: 62fdf1f143b41e24485cea50d1cbac27 -> 
  custom:video-decoder-webm-vp8: 9c59270c3fd7afecdb556c50c9e8de78 -> 
  custom:audio-decoder-ogg-vorbis: bf7c407c2cedff20999df2af8eb42d56 -> 
========================================================================
Received Import Request.
  Time since last request: 261177.851282 seconds.
  path: Assets/HDRPDefaultResources/DefaultLookDevProfile.asset
  artifactKey: Guid(3b0c78b9d26c34c458ff40a513b4eeba) Importer(815301076,1909f56bfc062723c751e8b465ee728b)
Start importing Assets/HDRPDefaultResources/DefaultLookDevProfile.asset using Guid(3b0c78b9d26c34c458ff40a513b4eeba) Importer(815301076,1909f56bfc062723c751e8b465ee728b)  -> (artifact id: '51b53302c73bef1913381d2f1f286e03') in 0.071531 seconds 
========================================================================
Received Prepare
Switching render pipeline f9f1a4f0e73052546be9ca465bf04c38 -> 00000000000000000000000000000000
Refreshing native plugins compatible for Editor in 9.53 ms, found 3 plugins.
Preloading 0 native plugins for Editor in 0.00 ms.
Unloading 30 Unused Serialized files (Serialized files now loaded: 0)
Unloading 31 unused Assets / (1.3 MB). Loaded Objects now: 4051.
Memory consumption went from 146.8 MB to 145.5 MB.
Total: 7.499000 ms (FindLiveObjects: 0.542200 ms CreateObjectMapping: 0.329800 ms MarkObjects: 6.128000 ms  DeleteObjects: 0.497400 ms)

AssetImportParameters requested are different than current active one (requested -> active):
  custom:video-decoder-ogg-theora: a1e56fd34408186e4bbccfd4996cb3dc -> 
  custom:container-muxer-webm: aa71ff27fc2769a1b78a27578f13a17b -> 
  custom:container-demuxer-webm: 4f35f7cbe854078d1ac9338744f61a02 -> 
  custom:video-encoder-webm-vp8: eb34c28f22e8b96e1ab97ce403110664 -> 
  custom:video-codec-MediaFoundation-h265: 746d11721c4dcdbdad8f713fa42b33f4 -> 
  custom:audio-encoder-webm-vorbis: bf7c407c2cedff20999df2af8eb42d56 -> 
  custom:framework-win-MediaFoundation: 216162199b28c13a410421893ffa2e32 -> 
  custom:container-demuxer-ogg: 62fdf1f143b41e24485cea50d1cbac27 -> 
  custom:video-decoder-webm-vp8: 9c59270c3fd7afecdb556c50c9e8de78 -> 
  custom:audio-decoder-ogg-vorbis: bf7c407c2cedff20999df2af8eb42d56 -> 
========================================================================
Received Import Request.
  Time since last request: 201.558107 seconds.
  path: Assets/Prefabs/Player.prefab
  artifactKey: Guid(ffb7e41787c481347a7de1c7c4fba240) Importer(815301076,1909f56bfc062723c751e8b465ee728b)
Start importing Assets/Prefabs/Player.prefab using Guid(ffb7e41787c481347a7de1c7c4fba240) Importer(815301076,1909f56bfc062723c751e8b465ee728b)  -> (artifact id: 'eb3d1207e00f13825bf2f289a36ab887') in 0.158597 seconds 
========================================================================
Received Import Request.
  Time since last request: 1.643096 seconds.
  path: Assets/Input/PlayerInput.inputactions
  artifactKey: Guid(a1cb86e8a635db34fad07df536116ccb) Importer(815301076,1909f56bfc062723c751e8b465ee728b)
Start importing Assets/Input/PlayerInput.inputactions using Guid(a1cb86e8a635db34fad07df536116ccb) Importer(815301076,1909f56bfc062723c751e8b465ee728b)  -> (artifact id: 'e56f1b2b3cc5e9d826500bec87132975') in 0.014757 seconds 
========================================================================
Received Import Request.
  Time since last request: 12.283459 seconds.
  path: Assets/Imports/MASH Virtual/Sci-Fi Rifle/Sci-Fi Rifle_fbx.FBX
  artifactKey: Guid(b5742c35cad19b945bc129c719875b2d) Importer(815301076,1909f56bfc062723c751e8b465ee728b)
Start importing Assets/Imports/MASH Virtual/Sci-Fi Rifle/Sci-Fi Rifle_fbx.FBX using Guid(b5742c35cad19b945bc129c719875b2d) Importer(815301076,1909f56bfc062723c751e8b465ee728b)  -> (artifact id: '6c84b3e44ab6669a68a90f052bb1b157') in 0.211399 seconds 
========================================================================
Received Import Request.
  Time since last request: 7.237945 seconds.
  path: Assets/Imports/MASH Virtual/Sci-Fi Rifle/Materials
  artifactKey: Guid(ad16ae738065a7043b3ed7b3c9a07bb0) Importer(815301076,1909f56bfc062723c751e8b465ee728b)
Start importing Assets/Imports/MASH Virtual/Sci-Fi Rifle/Materials using Guid(ad16ae738065a7043b3ed7b3c9a07bb0) Importer(815301076,1909f56bfc062723c751e8b465ee728b)  -> (artifact id: '18ed1b1613d5ed177d8b329ff19f2ece') in 0.004783 seconds 
========================================================================
Received Import Request.
  Time since last request: 0.039393 seconds.
  path: Assets/Imports/MASH Virtual/Sci-Fi Rifle/Materials/Sci-Fi Rifle.mat
  artifactKey: Guid(8b91047244ae6504f95c7c160c2ae5e1) Importer(815301076,1909f56bfc062723c751e8b465ee728b)
Start importing Assets/Imports/MASH Virtual/Sci-Fi Rifle/Materials/Sci-Fi Rifle.mat using Guid(8b91047244ae6504f95c7c160c2ae5e1) Importer(815301076,1909f56bfc062723c751e8b465ee728b)  -> (artifact id: '7215b57bd7cb867be6f098a6331f9136') in 0.088773 seconds 
========================================================================
Received Import Request.
  Time since last request: 12.660843 seconds.
  path: Assets/Imports/MASH Virtual/Sci Fi Pistol/Material
  artifactKey: Guid(96e4f3b73c3057a448647c130ecef0ff) Importer(815301076,1909f56bfc062723c751e8b465ee728b)
Start importing Assets/Imports/MASH Virtual/Sci Fi Pistol/Material using Guid(96e4f3b73c3057a448647c130ecef0ff) Importer(815301076,1909f56bfc062723c751e8b465ee728b)  -> (artifact id: '1f33a988e672b079e185c9fe11b9b573') in 0.004764 seconds 
========================================================================
Received Import Request.
  Time since last request: 0.061760 seconds.
  path: Assets/Imports/MASH Virtual/Sci Fi Pistol/Material/Glow.mat
  artifactKey: Guid(4e7a7c7b1c24c6242bc7b9b76b31f7ea) Importer(815301076,1909f56bfc062723c751e8b465ee728b)
Start importing Assets/Imports/MASH Virtual/Sci Fi Pistol/Material/Glow.mat using Guid(4e7a7c7b1c24c6242bc7b9b76b31f7ea) Importer(815301076,1909f56bfc062723c751e8b465ee728b)  -> (artifact id: '416be0e1f5633ee11177c4e0660105cc') in 0.015843 seconds 
========================================================================
Received Import Request.
  Time since last request: 0.000195 seconds.
  path: Assets/Imports/MASH Virtual/Sci Fi Pistol/Material/Walls.mat
  artifactKey: Guid(3004f05b13f291c49831b57089640c63) Importer(815301076,1909f56bfc062723c751e8b465ee728b)
Start importing Assets/Imports/MASH Virtual/Sci Fi Pistol/Material/Walls.mat using Guid(3004f05b13f291c49831b57089640c63) Importer(815301076,1909f56bfc062723c751e8b465ee728b)  -> (artifact id: '1cb378b80b0c94997daf7e9c1ce4fbf7') in 0.015249 seconds 
========================================================================
Received Import Request.
  Time since last request: 0.000028 seconds.
  path: Assets/Imports/MASH Virtual/Sci Fi Pistol/Material/Gun Mat_MaskMap.png
  artifactKey: Guid(53ce0593b06654f4faee7d1ae551114a) Importer(815301076,1909f56bfc062723c751e8b465ee728b)
Start importing Assets/Imports/MASH Virtual/Sci Fi Pistol/Material/Gun Mat_MaskMap.png using Guid(53ce0593b06654f4faee7d1ae551114a) Importer(815301076,1909f56bfc062723c751e8b465ee728b)  -> (artifact id: '9accba2360876b16e0b7bc625005cf33') in 0.062117 seconds 
========================================================================
Received Import Request.
  Time since last request: 266.063936 seconds.
  path: Assets/Imports/MASH Virtual/Sci Fi Pistol/Mesh/Gun.fbx
  artifactKey: Guid(7d06582fc8e311644a92e6d9e9cab273) Importer(815301076,1909f56bfc062723c751e8b465ee728b)
Start importing Assets/Imports/MASH Virtual/Sci Fi Pistol/Mesh/Gun.fbx using Guid(7d06582fc8e311644a92e6d9e9cab273) Importer(815301076,1909f56bfc062723c751e8b465ee728b)  -> (artifact id: 'ac5ed68267d4792bf515aaba34635512') in 0.106950 seconds 
========================================================================
Received Import Request.
  Time since last request: 1.082911 seconds.
  path: Assets/Imports/MASH Virtual/Sci Fi Pistol/Post Processing/Sci fi Gun.asset
  artifactKey: Guid(aec4b973bfe2b8e4cb8896706cadcb50) Importer(815301076,1909f56bfc062723c751e8b465ee728b)
Start importing Assets/Imports/MASH Virtual/Sci Fi Pistol/Post Processing/Sci fi Gun.asset using Guid(aec4b973bfe2b8e4cb8896706cadcb50) Importer(815301076,1909f56bfc062723c751e8b465ee728b)  -> (artifact id: '544b779080127134d18d6655419a4fac') in 0.042094 seconds 
========================================================================
Received Import Request.
  Time since last request: 144.550422 seconds.
  path: Assets/Materials/Dark grey.mat
  artifactKey: Guid(88e959f2c0d18c64695fe46d11704105) Importer(815301076,1909f56bfc062723c751e8b465ee728b)
Start importing Assets/Materials/Dark grey.mat using Guid(88e959f2c0d18c64695fe46d11704105) Importer(815301076,1909f56bfc062723c751e8b465ee728b)  -> (artifact id: '1d42e719232741ffafbbc11ec315e952') in 0.016706 seconds 
========================================================================
Received Import Request.
  Time since last request: 0.000090 seconds.
  path: Assets/Materials/Target Colour.mat
  artifactKey: Guid(ab5cc68139eaf6b48adb79c7bcdd24cc) Importer(815301076,1909f56bfc062723c751e8b465ee728b)
Start importing Assets/Materials/Target Colour.mat using Guid(ab5cc68139eaf6b48adb79c7bcdd24cc) Importer(815301076,1909f56bfc062723c751e8b465ee728b)  -> (artifact id: '8d6f1797d3e275bae3f8dffb3c2bc802') in 0.018667 seconds 
========================================================================
Received Import Request.
  Time since last request: 156.084320 seconds.
  path: Assets/Imports/Desert_Village_LowPoly_HDRP/Materials/M_Bucket_Water.mat
  artifactKey: Guid(5b3d9723ae2af264a916601f766a3af6) Importer(815301076,1909f56bfc062723c751e8b465ee728b)
Start importing Assets/Imports/Desert_Village_LowPoly_HDRP/Materials/M_Bucket_Water.mat using Guid(5b3d9723ae2af264a916601f766a3af6) Importer(815301076,1909f56bfc062723c751e8b465ee728b)  -> (artifact id: '91f520dc43560fa0a294a31b49732caa') in 0.018651 seconds 
========================================================================
Received Import Request.
  Time since last request: 0.000875 seconds.
  path: Assets/Imports/Desert_Village_LowPoly_HDRP/Materials/M_Lamp_Emission.mat
  artifactKey: Guid(fe2615a44fd66974daaa1aaf4ad787e8) Importer(815301076,1909f56bfc062723c751e8b465ee728b)
Start importing Assets/Imports/Desert_Village_LowPoly_HDRP/Materials/M_Lamp_Emission.mat using Guid(fe2615a44fd66974daaa1aaf4ad787e8) Importer(815301076,1909f56bfc062723c751e8b465ee728b)  -> (artifact id: '69b17356f1e08ed6e037ae579d763067') in 0.013560 seconds 
========================================================================
Received Import Request.
  Time since last request: 0.001024 seconds.
  path: Assets/Imports/Desert_Village_LowPoly_HDRP/Materials/M_Palm_Wood.mat
  artifactKey: Guid(eb49341bc73e73744a69d5618d5935bd) Importer(815301076,1909f56bfc062723c751e8b465ee728b)
Start importing Assets/Imports/Desert_Village_LowPoly_HDRP/Materials/M_Palm_Wood.mat using Guid(eb49341bc73e73744a69d5618d5935bd) Importer(815301076,1909f56bfc062723c751e8b465ee728b)  -> (artifact id: '5df6ee98d30afc8e6ef0992cfd9bc824') in 0.032652 seconds 
========================================================================
Received Import Request.
  Time since last request: 0.000041 seconds.
  path: Assets/Imports/Desert_Village_LowPoly_HDRP/Materials/M_Towel_Green.mat
  artifactKey: Guid(e2753d972a5c05b459b8f6960aa74f6f) Importer(815301076,1909f56bfc062723c751e8b465ee728b)
Start importing Assets/Imports/Desert_Village_LowPoly_HDRP/Materials/M_Towel_Green.mat using Guid(e2753d972a5c05b459b8f6960aa74f6f) Importer(815301076,1909f56bfc062723c751e8b465ee728b)  -> (artifact id: 'b742aa9d7e7ea9ab8df6b4a34c4616e3') in 0.024330 seconds 
========================================================================
Received Import Request.
  Time since last request: 0.000042 seconds.
  path: Assets/Imports/Desert_Village_LowPoly_HDRP/Materials/M_Vase.mat
  artifactKey: Guid(9586951ff1f08f14190d195079168ddd) Importer(815301076,1909f56bfc062723c751e8b465ee728b)
Start importing Assets/Imports/Desert_Village_LowPoly_HDRP/Materials/M_Vase.mat using Guid(9586951ff1f08f14190d195079168ddd) Importer(815301076,1909f56bfc062723c751e8b465ee728b)  -> (artifact id: '13617e554e90a4f3e73a7518f82e239b') in 0.015406 seconds 
========================================================================
Received Import Request.
  Time since last request: 0.000061 seconds.
  path: Assets/Imports/Desert_Village_LowPoly_HDRP/Materials/M_Towel_Red.mat
  artifactKey: Guid(975832d61e1791d4d823e4bccc59ecbd) Importer(815301076,1909f56bfc062723c751e8b465ee728b)
Start importing Assets/Imports/Desert_Village_LowPoly_HDRP/Materials/M_Towel_Red.mat using Guid(975832d61e1791d4d823e4bccc59ecbd) Importer(815301076,1909f56bfc062723c751e8b465ee728b)  -> (artifact id: '0840748b486690e24fa6ddcc2696c028') in 0.015679 seconds 
========================================================================
Received Import Request.
  Time since last request: 29.617183 seconds.
  path: Assets/Imports/Desert_Village_LowPoly_HDRP/Prefabs/Desert_Village_Bucket.prefab
  artifactKey: Guid(5e22c709abb2c1d45ad476ea4b03de35) Importer(815301076,1909f56bfc062723c751e8b465ee728b)
Start importing Assets/Imports/Desert_Village_LowPoly_HDRP/Prefabs/Desert_Village_Bucket.prefab using Guid(5e22c709abb2c1d45ad476ea4b03de35) Importer(815301076,1909f56bfc062723c751e8b465ee728b)  -> (artifact id: '46f4375bc38414107b96502c3131bca0') in 0.019628 seconds 
========================================================================
Received Import Request.
  Time since last request: 0.004977 seconds.
  path: Assets/Imports/Desert_Village_LowPoly_HDRP/Prefabs/Desert_Village_House_4.prefab
  artifactKey: Guid(d800a4f4583b26248a0986838df623c6) Importer(815301076,1909f56bfc062723c751e8b465ee728b)
Start importing Assets/Imports/Desert_Village_LowPoly_HDRP/Prefabs/Desert_Village_House_4.prefab using Guid(d800a4f4583b26248a0986838df623c6) Importer(815301076,1909f56bfc062723c751e8b465ee728b)  -> (artifact id: '00647bf5e1af04a225bdcd7ea4dfde09') in 0.051194 seconds 
========================================================================
Received Import Request.
  Time since last request: 0.000188 seconds.
  path: Assets/Imports/Desert_Village_LowPoly_HDRP/Prefabs/Desert_Village_House_3.prefab
  artifactKey: Guid(0faca65c8f14644408f4114d41941bc2) Importer(815301076,1909f56bfc062723c751e8b465ee728b)
Start importing Assets/Imports/Desert_Village_LowPoly_HDRP/Prefabs/Desert_Village_House_3.prefab using Guid(0faca65c8f14644408f4114d41941bc2) Importer(815301076,1909f56bfc062723c751e8b465ee728b)  -> (artifact id: 'e339a6724a3ff83c547e70080fd04f89') in 0.043848 seconds 
========================================================================
Received Import Request.
  Time since last request: 0.000287 seconds.
  path: Assets/Imports/Desert_Village_LowPoly_HDRP/Prefabs/Desert_Village_Palm_1.prefab
  artifactKey: Guid(63e0a48ed294278458fa101f87f50a76) Importer(815301076,1909f56bfc062723c751e8b465ee728b)
Start importing Assets/Imports/Desert_Village_LowPoly_HDRP/Prefabs/Desert_Village_Palm_1.prefab using Guid(63e0a48ed294278458fa101f87f50a76) Importer(815301076,1909f56bfc062723c751e8b465ee728b)  -> (artifact id: 'b1f657acd96a4c88e1c1b78508de15ae') in 0.033975 seconds 
========================================================================
Received Import Request.
  Time since last request: 0.000119 seconds.
  path: Assets/Imports/Desert_Village_LowPoly_HDRP/Prefabs/Desert_Village_House_1.prefab
  artifactKey: Guid(b7d5a31e2b3908746b39720151582136) Importer(815301076,1909f56bfc062723c751e8b465ee728b)
Start importing Assets/Imports/Desert_Village_LowPoly_HDRP/Prefabs/Desert_Village_House_1.prefab using Guid(b7d5a31e2b3908746b39720151582136) Importer(815301076,1909f56bfc062723c751e8b465ee728b)  -> (artifact id: 'd70816c77f3b0458d56070712201dbd6') in 0.038969 seconds 
========================================================================
Received Import Request.
  Time since last request: 0.000153 seconds.
  path: Assets/Imports/Desert_Village_LowPoly_HDRP/Prefabs/Desert_Village_House_2.prefab
  artifactKey: Guid(41435389b060aac45929f968c7e64a12) Importer(815301076,1909f56bfc062723c751e8b465ee728b)
Start importing Assets/Imports/Desert_Village_LowPoly_HDRP/Prefabs/Desert_Village_House_2.prefab using Guid(41435389b060aac45929f968c7e64a12) Importer(815301076,1909f56bfc062723c751e8b465ee728b)  -> (artifact id: 'c56c8869dfd52d9abec65361a665269b') in 0.102608 seconds 
Editor requested this worker to shutdown with reason: Scaling down because of idle timeout
AssetImportWorker is now disconnected from the server
Process exiting
Exiting without the bug reporter. Application will terminate with return code 0