Using pre-set license
Built from '2021.3/staging' branch; Version is '2021.3.21f1 (1b156197d683) revision 1774945'; Using compiler version '192829333'; Build Type 'Release'
OS: 'Windows 10  (10.0.19045) 64bit Core' Language: 'en' Physical Memory: 32627 MB
BatchMode: 1, IsHumanControllingUs: 0, StartBugReporterOnCrash: 0, Is64bit: 1, IsPro: 1

COMMAND LINE ARGUMENTS:
C:\Program Files\Unity\Hub\Editor\2021.3.21f1\Editor\Unity.exe
-adb2
-batchMode
-noUpm
-name
AssetImportWorker0
-projectPath
C:/Users/mkim3/OneDrive/Documents/GitHub/global-citizen/GITA 4 game
-logFile
Logs/AssetImportWorker0.log
-srvPort
52513
Successfully changed project path to: C:/Users/mkim3/OneDrive/Documents/GitHub/global-citizen/GITA 4 game
C:/Users/mkim3/OneDrive/Documents/GitHub/global-citizen/GITA 4 game
[UnityMemory] Configuration Parameters - Can be set up in boot.config
    "memorysetup-bucket-allocator-granularity=16"
    "memorysetup-bucket-allocator-bucket-count=8"
    "memorysetup-bucket-allocator-block-size=33554432"
    "memorysetup-bucket-allocator-block-count=8"
    "memorysetup-main-allocator-block-size=16777216"
    "memorysetup-thread-allocator-block-size=16777216"
    "memorysetup-gfx-main-allocator-block-size=16777216"
    "memorysetup-gfx-thread-allocator-block-size=16777216"
    "memorysetup-cache-allocator-block-size=4194304"
    "memorysetup-typetree-allocator-block-size=2097152"
    "memorysetup-profiler-bucket-allocator-granularity=16"
    "memorysetup-profiler-bucket-allocator-bucket-count=8"
    "memorysetup-profiler-bucket-allocator-block-size=33554432"
    "memorysetup-profiler-bucket-allocator-block-count=8"
    "memorysetup-profiler-allocator-block-size=16777216"
    "memorysetup-profiler-editor-allocator-block-size=1048576"
    "memorysetup-temp-allocator-size-main=16777216"
    "memorysetup-job-temp-allocator-block-size=2097152"
    "memorysetup-job-temp-allocator-block-size-background=1048576"
    "memorysetup-job-temp-allocator-reduction-small-platforms=262144"
    "memorysetup-temp-allocator-size-background-worker=32768"
    "memorysetup-temp-allocator-size-job-worker=262144"
    "memorysetup-temp-allocator-size-preload-manager=33554432"
    "memorysetup-temp-allocator-size-nav-mesh-worker=65536"
    "memorysetup-temp-allocator-size-audio-worker=65536"
    "memorysetup-temp-allocator-size-cloud-worker=32768"
    "memorysetup-temp-allocator-size-gi-baking-worker=262144"
    "memorysetup-temp-allocator-size-gfx=262144"
Player connection [20376] Host "[IP] 192.168.1.28 [Port] 0 [Flags] 2 [Guid] 1870560643 [EditorId] 1870560643 [Version] 1048832 [Id] WindowsEditor(7,DESKTOP-L1H82SP) [Debug] 1 [PackageName] WindowsEditor [ProjectName] Editor" joined multi-casting on [225.0.0.222:54997]...

Player connection [20376] Host "[IP] 192.168.1.28 [Port] 0 [Flags] 2 [Guid] 1870560643 [EditorId] 1870560643 [Version] 1048832 [Id] WindowsEditor(7,DESKTOP-L1H82SP) [Debug] 1 [PackageName] WindowsEditor [ProjectName] Editor" joined alternative multi-casting on [225.0.0.222:34997]...

Refreshing native plugins compatible for Editor in 114.46 ms, found 3 plugins.
Preloading 0 native plugins for Editor in 0.00 ms.
Initialize engine version: 2021.3.21f1 (1b156197d683)
[Subsystems] Discovering subsystems at path C:/Program Files/Unity/Hub/Editor/2021.3.21f1/Editor/Data/Resources/UnitySubsystems
[Subsystems] Discovering subsystems at path C:/Users/mkim3/OneDrive/Documents/GitHub/global-citizen/GITA 4 game/Assets
GfxDevice: creating device client; threaded=0; jobified=0
Direct3D:
    Version:  Direct3D 11.0 [level 11.1]
    Renderer: NVIDIA GeForce RTX 3060 (ID=0x2487)
    Vendor:   NVIDIA
    VRAM:     12138 MB
    Driver:   30.0.14.7288
Initialize mono
Mono path[0] = 'C:/Program Files/Unity/Hub/Editor/2021.3.21f1/Editor/Data/Managed'
Mono path[1] = 'C:/Program Files/Unity/Hub/Editor/2021.3.21f1/Editor/Data/MonoBleedingEdge/lib/mono/unityjit-win32'
Mono config path = 'C:/Program Files/Unity/Hub/Editor/2021.3.21f1/Editor/Data/MonoBleedingEdge/etc'
Using monoOptions --debugger-agent=transport=dt_socket,embedding=1,server=y,suspend=n,address=127.0.0.1:56268
Begin MonoManager ReloadAssembly
Registering precompiled unity dll's ...
Register platform support module: C:/Program Files/Unity/Hub/Editor/2021.3.21f1/Editor/Data/PlaybackEngines/WebGLSupport/UnityEditor.WebGL.Extensions.dll
Register platform support module: C:/Program Files/Unity/Hub/Editor/2021.3.21f1/Editor/Data/PlaybackEngines/WindowsStandaloneSupport/UnityEditor.WindowsStandalone.Extensions.dll
Registered in 0.009437 seconds.
Native extension for WindowsStandalone target not found
Native extension for WebGL target not found
Refreshing native plugins compatible for Editor in 125.08 ms, found 3 plugins.
Preloading 0 native plugins for Editor in 0.00 ms.
Mono: successfully reloaded assembly
- Completed reload, in  0.945 seconds
Domain Reload Profiling:
	ReloadAssembly (945ms)
		BeginReloadAssembly (112ms)
			ExecutionOrderSort (0ms)
			DisableScriptedObjects (0ms)
			BackupInstance (0ms)
			ReleaseScriptingObjects (0ms)
			CreateAndSetChildDomain (1ms)
		EndReloadAssembly (696ms)
			LoadAssemblies (109ms)
			RebuildTransferFunctionScriptingTraits (0ms)
			SetupTypeCache (144ms)
			ReleaseScriptCaches (0ms)
			RebuildScriptCaches (41ms)
			SetupLoadedEditorAssemblies (426ms)
				LogAssemblyErrors (0ms)
				InitializePlatformSupportModulesInManaged (11ms)
				SetLoadedEditorAssemblies (0ms)
				RefreshPlugins (125ms)
				BeforeProcessingInitializeOnLoad (1ms)
				ProcessInitializeOnLoadAttributes (221ms)
				ProcessInitializeOnLoadMethodAttributes (67ms)
				AfterProcessingInitializeOnLoad (0ms)
				EditorAssembliesLoaded (0ms)
			ExecutionOrderSort2 (0ms)
			AwakeInstancesAfterBackupRestoration (0ms)
Platform modules already initialized, skipping
Registering precompiled user dll's ...
Registered in 0.019100 seconds.
Begin MonoManager ReloadAssembly
Symbol file LoadedFromMemory doesn't match image C:\Users\mkim3\OneDrive\Documents\GitHub\global-citizen\GITA 4 game\Library\PackageCache\com.unity.visualscripting@1.8.0\Editor\VisualScripting.Core\Dependencies\YamlDotNet\Unity.VisualScripting.YamlDotNet.dll
Symbol file LoadedFromMemory doesn't match image C:\Users\mkim3\OneDrive\Documents\GitHub\global-citizen\GITA 4 game\Library\PackageCache\com.unity.visualscripting@1.8.0\Editor\VisualScripting.Core\Dependencies\DotNetZip\Unity.VisualScripting.IonicZip.dll
Native extension for WindowsStandalone target not found
Native extension for WebGL target not found
Refreshing native plugins compatible for Editor in 124.02 ms, found 3 plugins.
Preloading 0 native plugins for Editor in 0.00 ms.
Mono: successfully reloaded assembly
- Completed reload, in  1.681 seconds
Domain Reload Profiling:
	ReloadAssembly (1682ms)
		BeginReloadAssembly (146ms)
			ExecutionOrderSort (0ms)
			DisableScriptedObjects (7ms)
			BackupInstance (0ms)
			ReleaseScriptingObjects (0ms)
			CreateAndSetChildDomain (21ms)
		EndReloadAssembly (1369ms)
			LoadAssemblies (107ms)
			RebuildTransferFunctionScriptingTraits (0ms)
			SetupTypeCache (368ms)
			ReleaseScriptCaches (1ms)
			RebuildScriptCaches (88ms)
			SetupLoadedEditorAssemblies (736ms)
				LogAssemblyErrors (0ms)
				InitializePlatformSupportModulesInManaged (24ms)
				SetLoadedEditorAssemblies (0ms)
				RefreshPlugins (124ms)
				BeforeProcessingInitializeOnLoad (130ms)
				ProcessInitializeOnLoadAttributes (420ms)
				ProcessInitializeOnLoadMethodAttributes (28ms)
				AfterProcessingInitializeOnLoad (11ms)
				EditorAssembliesLoaded (0ms)
			ExecutionOrderSort2 (0ms)
			AwakeInstancesAfterBackupRestoration (7ms)
Platform modules already initialized, skipping
========================================================================
Worker process is ready to serve import requests
Launched and connected shader compiler UnityShaderCompiler.exe after 0.04 seconds
Refreshing native plugins compatible for Editor in 0.62 ms, found 3 plugins.
Preloading 0 native plugins for Editor in 0.00 ms.
Unloading 3583 Unused Serialized files (Serialized files now loaded: 0)
Unloading 39 unused Assets / (1.3 MB). Loaded Objects now: 4051.
Memory consumption went from 222.1 MB to 220.7 MB.
Total: 3.919200 ms (FindLiveObjects: 0.439800 ms CreateObjectMapping: 0.143500 ms MarkObjects: 3.049200 ms  DeleteObjects: 0.285100 ms)

AssetImportParameters requested are different than current active one (requested -> active):
  custom:video-decoder-ogg-theora: a1e56fd34408186e4bbccfd4996cb3dc -> 
  custom:container-muxer-webm: aa71ff27fc2769a1b78a27578f13a17b -> 
  custom:container-demuxer-webm: 4f35f7cbe854078d1ac9338744f61a02 -> 
  custom:video-encoder-webm-vp8: eb34c28f22e8b96e1ab97ce403110664 -> 
  custom:audio-encoder-webm-vorbis: bf7c407c2cedff20999df2af8eb42d56 -> 
  custom:framework-win-MediaFoundation: 216162199b28c13a410421893ffa2e32 -> 
  custom:container-demuxer-ogg: 62fdf1f143b41e24485cea50d1cbac27 -> 
  custom:video-decoder-webm-vp8: 9c59270c3fd7afecdb556c50c9e8de78 -> 
  custom:audio-decoder-ogg-vorbis: bf7c407c2cedff20999df2af8eb42d56 -> 
========================================================================
Received Import Request.
  Time since last request: 12526.261897 seconds.
  path: Assets/Imports/Desert_Village_LowPoly_HDRP/Scene/Desert_Village/Lightmap-3_comp_light.exr
  artifactKey: Guid(19ded678075c534479671f66d3895074) Importer(815301076,1909f56bfc062723c751e8b465ee728b)
Start importing Assets/Imports/Desert_Village_LowPoly_HDRP/Scene/Desert_Village/Lightmap-3_comp_light.exr using Guid(19ded678075c534479671f66d3895074) Importer(815301076,1909f56bfc062723c751e8b465ee728b)  -> (artifact id: '379043517ee92044b0e16f3d5e5a2b9c') in 0.128317 seconds 
========================================================================
Received Import Request.
  Time since last request: 0.000231 seconds.
  path: Assets/Imports/Desert_Village_LowPoly_HDRP/Prefabs/Desert_Village_Street_Lamp.prefab
  artifactKey: Guid(e838bc811ff46e34f947bf686a965c7f) Importer(815301076,1909f56bfc062723c751e8b465ee728b)
Start importing Assets/Imports/Desert_Village_LowPoly_HDRP/Prefabs/Desert_Village_Street_Lamp.prefab using Guid(e838bc811ff46e34f947bf686a965c7f) Importer(815301076,1909f56bfc062723c751e8b465ee728b)  -> (artifact id: 'ca67f3a3116dc9c5e90df5260e55433c') in 0.055068 seconds 
========================================================================
Received Import Request.
  Time since last request: 0.000021 seconds.
  path: Assets/Imports/Desert_Village_LowPoly_HDRP/Scene/Desert_Village
  artifactKey: Guid(8a7d0a9c6d2507e479e1e5d33df54ddb) Importer(815301076,1909f56bfc062723c751e8b465ee728b)
Start importing Assets/Imports/Desert_Village_LowPoly_HDRP/Scene/Desert_Village using Guid(8a7d0a9c6d2507e479e1e5d33df54ddb) Importer(815301076,1909f56bfc062723c751e8b465ee728b)  -> (artifact id: 'e10648585df7281589b0469311837dae') in 0.005722 seconds 
========================================================================
Received Import Request.
  Time since last request: 0.000020 seconds.
  path: Assets/Imports/Desert_Village_LowPoly_HDRP/Prefabs/Desert_Village_House_3.prefab
  artifactKey: Guid(0faca65c8f14644408f4114d41941bc2) Importer(815301076,1909f56bfc062723c751e8b465ee728b)
Start importing Assets/Imports/Desert_Village_LowPoly_HDRP/Prefabs/Desert_Village_House_3.prefab using Guid(0faca65c8f14644408f4114d41941bc2) Importer(815301076,1909f56bfc062723c751e8b465ee728b)  -> (artifact id: 'b35df3d2cea0591883f33c6cc4ee8a04') in 0.019824 seconds 
========================================================================
Received Import Request.
  Time since last request: 0.000020 seconds.
  path: Assets/Imports/Desert_Village_LowPoly_HDRP/Scene/Desert_Village/Lightmap-5_comp_dir.png
  artifactKey: Guid(9cd6e68c326e45b458272fcb9696ae70) Importer(815301076,1909f56bfc062723c751e8b465ee728b)
Start importing Assets/Imports/Desert_Village_LowPoly_HDRP/Scene/Desert_Village/Lightmap-5_comp_dir.png using Guid(9cd6e68c326e45b458272fcb9696ae70) Importer(815301076,1909f56bfc062723c751e8b465ee728b)  -> (artifact id: '1482578cc9ee58d631f5d83d566782e8') in 0.028838 seconds 
========================================================================
Received Import Request.
  Time since last request: 0.000027 seconds.
  path: Assets/Imports/Desert_Village_LowPoly_HDRP/Scene/Desert_Village/Lightmap-5_comp_light.exr
  artifactKey: Guid(079c51f3a4f4640459b2268e6da1d639) Importer(815301076,1909f56bfc062723c751e8b465ee728b)
Start importing Assets/Imports/Desert_Village_LowPoly_HDRP/Scene/Desert_Village/Lightmap-5_comp_light.exr using Guid(079c51f3a4f4640459b2268e6da1d639) Importer(815301076,1909f56bfc062723c751e8b465ee728b)  -> (artifact id: '6d5e5e84f60e39d026f6804e39e5d1e1') in 0.012909 seconds 
========================================================================
Received Import Request.
  Time since last request: 0.000019 seconds.
  path: Assets/Imports/Desert_Village_LowPoly_HDRP/Prefabs/Desert_Village_Palm_2.prefab
  artifactKey: Guid(f94f1afb3f828eb438a87f71c51b2516) Importer(815301076,1909f56bfc062723c751e8b465ee728b)
Start importing Assets/Imports/Desert_Village_LowPoly_HDRP/Prefabs/Desert_Village_Palm_2.prefab using Guid(f94f1afb3f828eb438a87f71c51b2516) Importer(815301076,1909f56bfc062723c751e8b465ee728b)  -> (artifact id: 'b5daedcf317229051bb0f96f8aa90ae9') in 0.021905 seconds 
========================================================================
Received Import Request.
  Time since last request: 0.000020 seconds.
  path: Assets/Imports/Desert_Village_LowPoly_HDRP/Prefabs/Desert_Village_Palm_1.prefab
  artifactKey: Guid(63e0a48ed294278458fa101f87f50a76) Importer(815301076,1909f56bfc062723c751e8b465ee728b)
Start importing Assets/Imports/Desert_Village_LowPoly_HDRP/Prefabs/Desert_Village_Palm_1.prefab using Guid(63e0a48ed294278458fa101f87f50a76) Importer(815301076,1909f56bfc062723c751e8b465ee728b)  -> (artifact id: '95988ebabfde3f164f0029c4c84fafad') in 0.019198 seconds 
========================================================================
Received Import Request.
  Time since last request: 0.000020 seconds.
  path: Assets/Imports/Desert_Village_LowPoly_HDRP/Prefabs/Desert_Village_Bench (1).prefab
  artifactKey: Guid(ae3c14b96abd09d42a0616d9bf768053) Importer(815301076,1909f56bfc062723c751e8b465ee728b)
Start importing Assets/Imports/Desert_Village_LowPoly_HDRP/Prefabs/Desert_Village_Bench (1).prefab using Guid(ae3c14b96abd09d42a0616d9bf768053) Importer(815301076,1909f56bfc062723c751e8b465ee728b)  -> (artifact id: 'cf7f4fd5ff1ff4bcac494c7fbcd39738') in 0.025416 seconds 
========================================================================
Received Import Request.
  Time since last request: 0.000019 seconds.
  path: Assets/Imports/Desert_Village_LowPoly_HDRP/Prefabs/Desert_Village_Bucket.prefab
  artifactKey: Guid(5e22c709abb2c1d45ad476ea4b03de35) Importer(815301076,1909f56bfc062723c751e8b465ee728b)
Start importing Assets/Imports/Desert_Village_LowPoly_HDRP/Prefabs/Desert_Village_Bucket.prefab using Guid(5e22c709abb2c1d45ad476ea4b03de35) Importer(815301076,1909f56bfc062723c751e8b465ee728b)  -> (artifact id: '00d27abc1c8e28611cbd43676b80e042') in 0.027658 seconds 
========================================================================
Received Import Request.
  Time since last request: 0.000017 seconds.
  path: Assets/Imports/Desert_Village_LowPoly_HDRP/Scene/Desert_Village/Lightmap-2_comp_light.exr
  artifactKey: Guid(03de9b271c5f9514fb93d80673c039a5) Importer(815301076,1909f56bfc062723c751e8b465ee728b)
Start importing Assets/Imports/Desert_Village_LowPoly_HDRP/Scene/Desert_Village/Lightmap-2_comp_light.exr using Guid(03de9b271c5f9514fb93d80673c039a5) Importer(815301076,1909f56bfc062723c751e8b465ee728b)  -> (artifact id: 'e7e861d4bceaa5a163778c675abe206c') in 0.012225 seconds 
========================================================================
Received Import Request.
  Time since last request: 0.000019 seconds.
  path: Assets/Imports/Desert_Village_LowPoly_HDRP/Scene/Desert_Village/Lightmap-0_comp_dir.png
  artifactKey: Guid(278548aa98c65a84e82f17c76ffd4536) Importer(815301076,1909f56bfc062723c751e8b465ee728b)
Start importing Assets/Imports/Desert_Village_LowPoly_HDRP/Scene/Desert_Village/Lightmap-0_comp_dir.png using Guid(278548aa98c65a84e82f17c76ffd4536) Importer(815301076,1909f56bfc062723c751e8b465ee728b)  -> (artifact id: '25850bde4115fbcf252ca4ab5bcb1a8e') in 0.028056 seconds 
========================================================================
Received Import Request.
  Time since last request: 0.000027 seconds.
  path: Assets/Imports/Desert_Village_LowPoly_HDRP/Scene/Desert_Village/Lightmap-1_comp_light.exr
  artifactKey: Guid(5fa9ae8c540fd3443b0f964bff4e4684) Importer(815301076,1909f56bfc062723c751e8b465ee728b)
Start importing Assets/Imports/Desert_Village_LowPoly_HDRP/Scene/Desert_Village/Lightmap-1_comp_light.exr using Guid(5fa9ae8c540fd3443b0f964bff4e4684) Importer(815301076,1909f56bfc062723c751e8b465ee728b)  -> (artifact id: '25dcc87862e102f26961b1fa6850497d') in 0.014497 seconds 
========================================================================
Received Import Request.
  Time since last request: 0.000019 seconds.
  path: Assets/Imports/Desert_Village_LowPoly_HDRP/Prefabs/Desert_Village_House_1.prefab
  artifactKey: Guid(b7d5a31e2b3908746b39720151582136) Importer(815301076,1909f56bfc062723c751e8b465ee728b)
Start importing Assets/Imports/Desert_Village_LowPoly_HDRP/Prefabs/Desert_Village_House_1.prefab using Guid(b7d5a31e2b3908746b39720151582136) Importer(815301076,1909f56bfc062723c751e8b465ee728b)  -> (artifact id: '6f25b44996e4d5f4f5daaa5e082eeb57') in 0.048399 seconds 
========================================================================
Received Import Request.
  Time since last request: 0.001942 seconds.
  path: Assets/Imports/Desert_Village_LowPoly_HDRP/Scene/Desert_Village/Lightmap-6_comp_dir.png
  artifactKey: Guid(1b36b64d51e4a3a4f976b95333454f52) Importer(815301076,1909f56bfc062723c751e8b465ee728b)
Start importing Assets/Imports/Desert_Village_LowPoly_HDRP/Scene/Desert_Village/Lightmap-6_comp_dir.png using Guid(1b36b64d51e4a3a4f976b95333454f52) Importer(815301076,1909f56bfc062723c751e8b465ee728b)  -> (artifact id: 'c58b72f1753fec1e1de232c135a38393') in 0.025641 seconds 
========================================================================
Received Import Request.
  Time since last request: 0.000021 seconds.
  path: Assets/Imports/Desert_Village_LowPoly_HDRP/Scene/Desert_Village/Lightmap-4_comp_dir.png
  artifactKey: Guid(c80abc7b3db0e8f44b344f2fa0548c42) Importer(815301076,1909f56bfc062723c751e8b465ee728b)
Start importing Assets/Imports/Desert_Village_LowPoly_HDRP/Scene/Desert_Village/Lightmap-4_comp_dir.png using Guid(c80abc7b3db0e8f44b344f2fa0548c42) Importer(815301076,1909f56bfc062723c751e8b465ee728b)  -> (artifact id: '0d0c3bc392c549587bc52f52a2f3a28e') in 0.016174 seconds 
Editor requested this worker to shutdown with reason: Scaling down because of idle timeout
AssetImportWorker is now disconnected from the server
Process exiting
Exiting without the bug reporter. Application will terminate with return code 0